<?xml version="1.0" encoding="UTF-8"?>
<testsuite xmlns:xsi="http://www.w3.org/2001/XMLSchema-instance" xsi:noNamespaceSchemaLocation="https://maven.apache.org/surefire/maven-surefire-plugin/xsd/surefire-test-report-3.0.xsd" version="3.0" name="com.yeahbutstill.sonarqube.demo.service.ProjectServiceTest" time="0.088" tests="10" errors="0" skipped="0" failures="0">
  <properties>
    <property name="sun.desktop" value="gnome"/>
    <property name="awt.toolkit" value="sun.awt.X11.XToolkit"/>
    <property name="java.specification.version" value="11"/>
    <property name="sun.cpu.isalist" value=""/>
    <property name="sonar.login" value="2d7311d219cc3560461210def80745f672ce6fa9"/>
    <property name="sonar.host.url" value="http://localhost:9000"/>
    <property name="sun.jnu.encoding" value="UTF-8"/>
    <property name="java.class.path" value="/home/yeahbutstill/IdeaProjects/spring-boot-code-analysis-with-sonarqube/target/test-classes:/home/yeahbutstill/IdeaProjects/spring-boot-code-analysis-with-sonarqube/target/classes:/home/yeahbutstill/.m2/repository/org/springframework/boot/spring-boot-starter-web/2.6.3/spring-boot-starter-web-2.6.3.jar:/home/yeahbutstill/.m2/repository/org/springframework/boot/spring-boot-starter/2.6.3/spring-boot-starter-2.6.3.jar:/home/yeahbutstill/.m2/repository/org/springframework/boot/spring-boot-starter-logging/2.6.3/spring-boot-starter-logging-2.6.3.jar:/home/yeahbutstill/.m2/repository/ch/qos/logback/logback-classic/1.2.10/logback-classic-1.2.10.jar:/home/yeahbutstill/.m2/repository/ch/qos/logback/logback-core/1.2.10/logback-core-1.2.10.jar:/home/yeahbutstill/.m2/repository/org/apache/logging/log4j/log4j-to-slf4j/2.17.1/log4j-to-slf4j-2.17.1.jar:/home/yeahbutstill/.m2/repository/org/apache/logging/log4j/log4j-api/2.17.1/log4j-api-2.17.1.jar:/home/yeahbutstill/.m2/repository/org/slf4j/jul-to-slf4j/1.7.33/jul-to-slf4j-1.7.33.jar:/home/yeahbutstill/.m2/repository/jakarta/annotation/jakarta.annotation-api/1.3.5/jakarta.annotation-api-1.3.5.jar:/home/yeahbutstill/.m2/repository/org/yaml/snakeyaml/1.29/snakeyaml-1.29.jar:/home/yeahbutstill/.m2/repository/org/springframework/boot/spring-boot-starter-json/2.6.3/spring-boot-starter-json-2.6.3.jar:/home/yeahbutstill/.m2/repository/com/fasterxml/jackson/core/jackson-databind/2.13.1/jackson-databind-2.13.1.jar:/home/yeahbutstill/.m2/repository/com/fasterxml/jackson/core/jackson-annotations/2.13.1/jackson-annotations-2.13.1.jar:/home/yeahbutstill/.m2/repository/com/fasterxml/jackson/core/jackson-core/2.13.1/jackson-core-2.13.1.jar:/home/yeahbutstill/.m2/repository/com/fasterxml/jackson/datatype/jackson-datatype-jdk8/2.13.1/jackson-datatype-jdk8-2.13.1.jar:/home/yeahbutstill/.m2/repository/com/fasterxml/jackson/datatype/jackson-datatype-jsr310/2.13.1/jackson-datatype-jsr310-2.13.1.jar:/home/yeahbutstill/.m2/repository/com/fasterxml/jackson/module/jackson-module-parameter-names/2.13.1/jackson-module-parameter-names-2.13.1.jar:/home/yeahbutstill/.m2/repository/org/springframework/boot/spring-boot-starter-tomcat/2.6.3/spring-boot-starter-tomcat-2.6.3.jar:/home/yeahbutstill/.m2/repository/org/apache/tomcat/embed/tomcat-embed-core/9.0.56/tomcat-embed-core-9.0.56.jar:/home/yeahbutstill/.m2/repository/org/apache/tomcat/embed/tomcat-embed-websocket/9.0.56/tomcat-embed-websocket-9.0.56.jar:/home/yeahbutstill/.m2/repository/org/springframework/spring-web/5.3.15/spring-web-5.3.15.jar:/home/yeahbutstill/.m2/repository/org/springframework/spring-beans/5.3.15/spring-beans-5.3.15.jar:/home/yeahbutstill/.m2/repository/org/springframework/spring-webmvc/5.3.15/spring-webmvc-5.3.15.jar:/home/yeahbutstill/.m2/repository/org/springframework/spring-aop/5.3.15/spring-aop-5.3.15.jar:/home/yeahbutstill/.m2/repository/org/springframework/spring-context/5.3.15/spring-context-5.3.15.jar:/home/yeahbutstill/.m2/repository/org/springframework/spring-expression/5.3.15/spring-expression-5.3.15.jar:/home/yeahbutstill/.m2/repository/org/modelmapper/modelmapper/3.0.0/modelmapper-3.0.0.jar:/home/yeahbutstill/.m2/repository/org/springframework/boot/spring-boot-starter-actuator/2.6.3/spring-boot-starter-actuator-2.6.3.jar:/home/yeahbutstill/.m2/repository/org/springframework/boot/spring-boot-actuator-autoconfigure/2.6.3/spring-boot-actuator-autoconfigure-2.6.3.jar:/home/yeahbutstill/.m2/repository/org/springframework/boot/spring-boot-actuator/2.6.3/spring-boot-actuator-2.6.3.jar:/home/yeahbutstill/.m2/repository/io/micrometer/micrometer-core/1.8.2/micrometer-core-1.8.2.jar:/home/yeahbutstill/.m2/repository/org/hdrhistogram/HdrHistogram/2.1.12/HdrHistogram-2.1.12.jar:/home/yeahbutstill/.m2/repository/org/latencyutils/LatencyUtils/2.0.3/LatencyUtils-2.0.3.jar:/home/yeahbutstill/.m2/repository/org/springframework/boot/spring-boot-starter-data-jpa/2.6.3/spring-boot-starter-data-jpa-2.6.3.jar:/home/yeahbutstill/.m2/repository/org/springframework/boot/spring-boot-starter-aop/2.6.3/spring-boot-starter-aop-2.6.3.jar:/home/yeahbutstill/.m2/repository/org/aspectj/aspectjweaver/1.9.7/aspectjweaver-1.9.7.jar:/home/yeahbutstill/.m2/repository/org/springframework/boot/spring-boot-starter-jdbc/2.6.3/spring-boot-starter-jdbc-2.6.3.jar:/home/yeahbutstill/.m2/repository/com/zaxxer/HikariCP/4.0.3/HikariCP-4.0.3.jar:/home/yeahbutstill/.m2/repository/org/springframework/spring-jdbc/5.3.15/spring-jdbc-5.3.15.jar:/home/yeahbutstill/.m2/repository/jakarta/transaction/jakarta.transaction-api/1.3.3/jakarta.transaction-api-1.3.3.jar:/home/yeahbutstill/.m2/repository/jakarta/persistence/jakarta.persistence-api/2.2.3/jakarta.persistence-api-2.2.3.jar:/home/yeahbutstill/.m2/repository/org/hibernate/hibernate-core/5.6.4.Final/hibernate-core-5.6.4.Final.jar:/home/yeahbutstill/.m2/repository/org/jboss/logging/jboss-logging/3.4.3.Final/jboss-logging-3.4.3.Final.jar:/home/yeahbutstill/.m2/repository/antlr/antlr/2.7.7/antlr-2.7.7.jar:/home/yeahbutstill/.m2/repository/org/jboss/jandex/2.4.2.Final/jandex-2.4.2.Final.jar:/home/yeahbutstill/.m2/repository/com/fasterxml/classmate/1.5.1/classmate-1.5.1.jar:/home/yeahbutstill/.m2/repository/org/hibernate/common/hibernate-commons-annotations/5.1.2.Final/hibernate-commons-annotations-5.1.2.Final.jar:/home/yeahbutstill/.m2/repository/org/glassfish/jaxb/jaxb-runtime/2.3.5/jaxb-runtime-2.3.5.jar:/home/yeahbutstill/.m2/repository/org/glassfish/jaxb/txw2/2.3.5/txw2-2.3.5.jar:/home/yeahbutstill/.m2/repository/com/sun/istack/istack-commons-runtime/3.0.12/istack-commons-runtime-3.0.12.jar:/home/yeahbutstill/.m2/repository/com/sun/activation/jakarta.activation/1.2.2/jakarta.activation-1.2.2.jar:/home/yeahbutstill/.m2/repository/org/springframework/data/spring-data-jpa/2.6.1/spring-data-jpa-2.6.1.jar:/home/yeahbutstill/.m2/repository/org/springframework/data/spring-data-commons/2.6.1/spring-data-commons-2.6.1.jar:/home/yeahbutstill/.m2/repository/org/springframework/spring-orm/5.3.15/spring-orm-5.3.15.jar:/home/yeahbutstill/.m2/repository/org/springframework/spring-tx/5.3.15/spring-tx-5.3.15.jar:/home/yeahbutstill/.m2/repository/org/slf4j/slf4j-api/1.7.33/slf4j-api-1.7.33.jar:/home/yeahbutstill/.m2/repository/org/springframework/spring-aspects/5.3.15/spring-aspects-5.3.15.jar:/home/yeahbutstill/.m2/repository/org/springframework/boot/spring-boot-starter-validation/2.6.3/spring-boot-starter-validation-2.6.3.jar:/home/yeahbutstill/.m2/repository/org/apache/tomcat/embed/tomcat-embed-el/9.0.56/tomcat-embed-el-9.0.56.jar:/home/yeahbutstill/.m2/repository/org/hibernate/validator/hibernate-validator/6.2.0.Final/hibernate-validator-6.2.0.Final.jar:/home/yeahbutstill/.m2/repository/jakarta/validation/jakarta.validation-api/2.0.2/jakarta.validation-api-2.0.2.jar:/home/yeahbutstill/.m2/repository/org/springframework/boot/spring-boot-devtools/2.6.3/spring-boot-devtools-2.6.3.jar:/home/yeahbutstill/.m2/repository/org/springframework/boot/spring-boot/2.6.3/spring-boot-2.6.3.jar:/home/yeahbutstill/.m2/repository/org/springframework/boot/spring-boot-autoconfigure/2.6.3/spring-boot-autoconfigure-2.6.3.jar:/home/yeahbutstill/.m2/repository/org/springframework/boot/spring-boot-configuration-processor/2.6.3/spring-boot-configuration-processor-2.6.3.jar:/home/yeahbutstill/.m2/repository/org/postgresql/postgresql/42.3.1/postgresql-42.3.1.jar:/home/yeahbutstill/.m2/repository/org/checkerframework/checker-qual/3.5.0/checker-qual-3.5.0.jar:/home/yeahbutstill/.m2/repository/org/projectlombok/lombok/1.18.22/lombok-1.18.22.jar:/home/yeahbutstill/.m2/repository/org/mockito/mockito-core/4.3.1/mockito-core-4.3.1.jar:/home/yeahbutstill/.m2/repository/net/bytebuddy/byte-buddy/1.11.22/byte-buddy-1.11.22.jar:/home/yeahbutstill/.m2/repository/net/bytebuddy/byte-buddy-agent/1.11.22/byte-buddy-agent-1.11.22.jar:/home/yeahbutstill/.m2/repository/org/objenesis/objenesis/3.2/objenesis-3.2.jar:/home/yeahbutstill/.m2/repository/org/springframework/boot/spring-boot-starter-test/2.6.3/spring-boot-starter-test-2.6.3.jar:/home/yeahbutstill/.m2/repository/org/springframework/boot/spring-boot-test/2.6.3/spring-boot-test-2.6.3.jar:/home/yeahbutstill/.m2/repository/org/springframework/boot/spring-boot-test-autoconfigure/2.6.3/spring-boot-test-autoconfigure-2.6.3.jar:/home/yeahbutstill/.m2/repository/com/jayway/jsonpath/json-path/2.6.0/json-path-2.6.0.jar:/home/yeahbutstill/.m2/repository/net/minidev/json-smart/2.4.7/json-smart-2.4.7.jar:/home/yeahbutstill/.m2/repository/net/minidev/accessors-smart/2.4.7/accessors-smart-2.4.7.jar:/home/yeahbutstill/.m2/repository/jakarta/xml/bind/jakarta.xml.bind-api/2.3.3/jakarta.xml.bind-api-2.3.3.jar:/home/yeahbutstill/.m2/repository/jakarta/activation/jakarta.activation-api/1.2.2/jakarta.activation-api-1.2.2.jar:/home/yeahbutstill/.m2/repository/org/assertj/assertj-core/3.21.0/assertj-core-3.21.0.jar:/home/yeahbutstill/.m2/repository/org/hamcrest/hamcrest/2.2/hamcrest-2.2.jar:/home/yeahbutstill/.m2/repository/org/junit/jupiter/junit-jupiter/5.8.2/junit-jupiter-5.8.2.jar:/home/yeahbutstill/.m2/repository/org/junit/jupiter/junit-jupiter-params/5.8.2/junit-jupiter-params-5.8.2.jar:/home/yeahbutstill/.m2/repository/org/mockito/mockito-junit-jupiter/4.0.0/mockito-junit-jupiter-4.0.0.jar:/home/yeahbutstill/.m2/repository/org/skyscreamer/jsonassert/1.5.0/jsonassert-1.5.0.jar:/home/yeahbutstill/.m2/repository/com/vaadin/external/google/android-json/0.0.20131108.vaadin1/android-json-0.0.20131108.vaadin1.jar:/home/yeahbutstill/.m2/repository/org/springframework/spring-core/5.3.15/spring-core-5.3.15.jar:/home/yeahbutstill/.m2/repository/org/springframework/spring-jcl/5.3.15/spring-jcl-5.3.15.jar:/home/yeahbutstill/.m2/repository/org/springframework/spring-test/5.3.15/spring-test-5.3.15.jar:/home/yeahbutstill/.m2/repository/org/xmlunit/xmlunit-core/2.8.4/xmlunit-core-2.8.4.jar:/home/yeahbutstill/.m2/repository/org/junit/jupiter/junit-jupiter-engine/5.8.2/junit-jupiter-engine-5.8.2.jar:/home/yeahbutstill/.m2/repository/org/junit/platform/junit-platform-engine/1.8.2/junit-platform-engine-1.8.2.jar:/home/yeahbutstill/.m2/repository/org/opentest4j/opentest4j/1.2.0/opentest4j-1.2.0.jar:/home/yeahbutstill/.m2/repository/org/junit/platform/junit-platform-commons/1.8.2/junit-platform-commons-1.8.2.jar:/home/yeahbutstill/.m2/repository/org/junit/jupiter/junit-jupiter-api/5.8.2/junit-jupiter-api-5.8.2.jar:/home/yeahbutstill/.m2/repository/org/apiguardian/apiguardian-api/1.1.2/apiguardian-api-1.1.2.jar:/home/yeahbutstill/.m2/repository/org/junit/vintage/junit-vintage-engine/5.8.2/junit-vintage-engine-5.8.2.jar:/home/yeahbutstill/.m2/repository/junit/junit/4.13.2/junit-4.13.2.jar:/home/yeahbutstill/.m2/repository/org/hamcrest/hamcrest-core/2.2/hamcrest-core-2.2.jar:/home/yeahbutstill/.m2/repository/org/junit/platform/junit-platform-launcher/1.8.2/junit-platform-launcher-1.8.2.jar:/home/yeahbutstill/.m2/repository/org/apache/maven/plugins/maven-surefire-plugin/3.0.0-M5/maven-surefire-plugin-3.0.0-M5.jar:/home/yeahbutstill/.m2/repository/org/apache/maven/surefire/maven-surefire-common/3.0.0-M5/maven-surefire-common-3.0.0-M5.jar:/home/yeahbutstill/.m2/repository/org/apache/maven/surefire/surefire-api/3.0.0-M5/surefire-api-3.0.0-M5.jar:/home/yeahbutstill/.m2/repository/org/apache/maven/surefire/surefire-logger-api/3.0.0-M5/surefire-logger-api-3.0.0-M5.jar:/home/yeahbutstill/.m2/repository/org/apache/maven/surefire/surefire-extensions-api/3.0.0-M5/surefire-extensions-api-3.0.0-M5.jar:/home/yeahbutstill/.m2/repository/org/apache/maven/surefire/surefire-booter/3.0.0-M5/surefire-booter-3.0.0-M5.jar:/home/yeahbutstill/.m2/repository/org/apache/maven/surefire/surefire-extensions-spi/3.0.0-M5/surefire-extensions-spi-3.0.0-M5.jar:/home/yeahbutstill/.m2/repository/org/apache/maven/maven-toolchain/3.0-alpha-2/maven-toolchain-3.0-alpha-2.jar:/home/yeahbutstill/.m2/repository/org/apache/maven/shared/maven-artifact-transfer/0.11.0/maven-artifact-transfer-0.11.0.jar:/home/yeahbutstill/.m2/repository/org/apache/maven/shared/maven-common-artifact-filters/3.0.1/maven-common-artifact-filters-3.0.1.jar:/home/yeahbutstill/.m2/repository/org/apache/maven/maven-model/3.0/maven-model-3.0.jar:/home/yeahbutstill/.m2/repository/org/apache/maven/maven-plugin-api/3.0/maven-plugin-api-3.0.jar:/home/yeahbutstill/.m2/repository/org/sonatype/sisu/sisu-inject-plexus/1.4.2/sisu-inject-plexus-1.4.2.jar:/home/yeahbutstill/.m2/repository/org/codehaus/plexus/plexus-classworlds/2.2.3/plexus-classworlds-2.2.3.jar:/home/yeahbutstill/.m2/repository/org/sonatype/sisu/sisu-inject-bean/1.4.2/sisu-inject-bean-1.4.2.jar:/home/yeahbutstill/.m2/repository/org/sonatype/sisu/sisu-guice/2.1.7/sisu-guice-2.1.7-noaop.jar:/home/yeahbutstill/.m2/repository/org/apache/maven/shared/maven-shared-utils/3.1.0/maven-shared-utils-3.1.0.jar:/home/yeahbutstill/.m2/repository/commons-io/commons-io/2.5/commons-io-2.5.jar:/home/yeahbutstill/.m2/repository/commons-codec/commons-codec/1.15/commons-codec-1.15.jar:/home/yeahbutstill/.m2/repository/org/codehaus/plexus/plexus-java/1.0.5/plexus-java-1.0.5.jar:/home/yeahbutstill/.m2/repository/org/ow2/asm/asm/7.2/asm-7.2.jar:/home/yeahbutstill/.m2/repository/com/thoughtworks/qdox/qdox/2.0-M9/qdox-2.0-M9.jar:/home/yeahbutstill/.m2/repository/org/apache/maven/surefire/surefire-shared-utils/3.0.0-M4/surefire-shared-utils-3.0.0-M4.jar:"/>
    <property name="java.vm.vendor" value="BellSoft"/>
    <property name="sun.arch.data.model" value="64"/>
    <property name="java.vendor.url" value="https://bell-sw.com/"/>
    <property name="user.timezone" value="Asia/Jakarta"/>
    <property name="java.vm.specification.version" value="11"/>
    <property name="os.name" value="Linux"/>
    <property name="sun.java.launcher" value="SUN_STANDARD"/>
    <property name="user.country" value="US"/>
    <property name="sun.boot.library.path" value="/home/yeahbutstill/.sdkman/candidates/java/11.0.14-librca/lib"/>
    <property name="sun.java.command" value="/home/yeahbutstill/IdeaProjects/spring-boot-code-analysis-with-sonarqube/target/surefire/surefirebooter3807608507009207609.jar /home/yeahbutstill/IdeaProjects/spring-boot-code-analysis-with-sonarqube/target/surefire 2022-02-04T07-26-35_088-jvmRun1 surefire2596779252294172573tmp surefire_05517016665874387771tmp"/>
    <property name="jdk.debug" value="release"/>
    <property name="surefire.test.class.path" value="/home/yeahbutstill/IdeaProjects/spring-boot-code-analysis-with-sonarqube/target/test-classes:/home/yeahbutstill/IdeaProjects/spring-boot-code-analysis-with-sonarqube/target/classes:/home/yeahbutstill/.m2/repository/org/springframework/boot/spring-boot-starter-web/2.6.3/spring-boot-starter-web-2.6.3.jar:/home/yeahbutstill/.m2/repository/org/springframework/boot/spring-boot-starter/2.6.3/spring-boot-starter-2.6.3.jar:/home/yeahbutstill/.m2/repository/org/springframework/boot/spring-boot-starter-logging/2.6.3/spring-boot-starter-logging-2.6.3.jar:/home/yeahbutstill/.m2/repository/ch/qos/logback/logback-classic/1.2.10/logback-classic-1.2.10.jar:/home/yeahbutstill/.m2/repository/ch/qos/logback/logback-core/1.2.10/logback-core-1.2.10.jar:/home/yeahbutstill/.m2/repository/org/apache/logging/log4j/log4j-to-slf4j/2.17.1/log4j-to-slf4j-2.17.1.jar:/home/yeahbutstill/.m2/repository/org/apache/logging/log4j/log4j-api/2.17.1/log4j-api-2.17.1.jar:/home/yeahbutstill/.m2/repository/org/slf4j/jul-to-slf4j/1.7.33/jul-to-slf4j-1.7.33.jar:/home/yeahbutstill/.m2/repository/jakarta/annotation/jakarta.annotation-api/1.3.5/jakarta.annotation-api-1.3.5.jar:/home/yeahbutstill/.m2/repository/org/yaml/snakeyaml/1.29/snakeyaml-1.29.jar:/home/yeahbutstill/.m2/repository/org/springframework/boot/spring-boot-starter-json/2.6.3/spring-boot-starter-json-2.6.3.jar:/home/yeahbutstill/.m2/repository/com/fasterxml/jackson/core/jackson-databind/2.13.1/jackson-databind-2.13.1.jar:/home/yeahbutstill/.m2/repository/com/fasterxml/jackson/core/jackson-annotations/2.13.1/jackson-annotations-2.13.1.jar:/home/yeahbutstill/.m2/repository/com/fasterxml/jackson/core/jackson-core/2.13.1/jackson-core-2.13.1.jar:/home/yeahbutstill/.m2/repository/com/fasterxml/jackson/datatype/jackson-datatype-jdk8/2.13.1/jackson-datatype-jdk8-2.13.1.jar:/home/yeahbutstill/.m2/repository/com/fasterxml/jackson/datatype/jackson-datatype-jsr310/2.13.1/jackson-datatype-jsr310-2.13.1.jar:/home/yeahbutstill/.m2/repository/com/fasterxml/jackson/module/jackson-module-parameter-names/2.13.1/jackson-module-parameter-names-2.13.1.jar:/home/yeahbutstill/.m2/repository/org/springframework/boot/spring-boot-starter-tomcat/2.6.3/spring-boot-starter-tomcat-2.6.3.jar:/home/yeahbutstill/.m2/repository/org/apache/tomcat/embed/tomcat-embed-core/9.0.56/tomcat-embed-core-9.0.56.jar:/home/yeahbutstill/.m2/repository/org/apache/tomcat/embed/tomcat-embed-websocket/9.0.56/tomcat-embed-websocket-9.0.56.jar:/home/yeahbutstill/.m2/repository/org/springframework/spring-web/5.3.15/spring-web-5.3.15.jar:/home/yeahbutstill/.m2/repository/org/springframework/spring-beans/5.3.15/spring-beans-5.3.15.jar:/home/yeahbutstill/.m2/repository/org/springframework/spring-webmvc/5.3.15/spring-webmvc-5.3.15.jar:/home/yeahbutstill/.m2/repository/org/springframework/spring-aop/5.3.15/spring-aop-5.3.15.jar:/home/yeahbutstill/.m2/repository/org/springframework/spring-context/5.3.15/spring-context-5.3.15.jar:/home/yeahbutstill/.m2/repository/org/springframework/spring-expression/5.3.15/spring-expression-5.3.15.jar:/home/yeahbutstill/.m2/repository/org/modelmapper/modelmapper/3.0.0/modelmapper-3.0.0.jar:/home/yeahbutstill/.m2/repository/org/springframework/boot/spring-boot-starter-actuator/2.6.3/spring-boot-starter-actuator-2.6.3.jar:/home/yeahbutstill/.m2/repository/org/springframework/boot/spring-boot-actuator-autoconfigure/2.6.3/spring-boot-actuator-autoconfigure-2.6.3.jar:/home/yeahbutstill/.m2/repository/org/springframework/boot/spring-boot-actuator/2.6.3/spring-boot-actuator-2.6.3.jar:/home/yeahbutstill/.m2/repository/io/micrometer/micrometer-core/1.8.2/micrometer-core-1.8.2.jar:/home/yeahbutstill/.m2/repository/org/hdrhistogram/HdrHistogram/2.1.12/HdrHistogram-2.1.12.jar:/home/yeahbutstill/.m2/repository/org/latencyutils/LatencyUtils/2.0.3/LatencyUtils-2.0.3.jar:/home/yeahbutstill/.m2/repository/org/springframework/boot/spring-boot-starter-data-jpa/2.6.3/spring-boot-starter-data-jpa-2.6.3.jar:/home/yeahbutstill/.m2/repository/org/springframework/boot/spring-boot-starter-aop/2.6.3/spring-boot-starter-aop-2.6.3.jar:/home/yeahbutstill/.m2/repository/org/aspectj/aspectjweaver/1.9.7/aspectjweaver-1.9.7.jar:/home/yeahbutstill/.m2/repository/org/springframework/boot/spring-boot-starter-jdbc/2.6.3/spring-boot-starter-jdbc-2.6.3.jar:/home/yeahbutstill/.m2/repository/com/zaxxer/HikariCP/4.0.3/HikariCP-4.0.3.jar:/home/yeahbutstill/.m2/repository/org/springframework/spring-jdbc/5.3.15/spring-jdbc-5.3.15.jar:/home/yeahbutstill/.m2/repository/jakarta/transaction/jakarta.transaction-api/1.3.3/jakarta.transaction-api-1.3.3.jar:/home/yeahbutstill/.m2/repository/jakarta/persistence/jakarta.persistence-api/2.2.3/jakarta.persistence-api-2.2.3.jar:/home/yeahbutstill/.m2/repository/org/hibernate/hibernate-core/5.6.4.Final/hibernate-core-5.6.4.Final.jar:/home/yeahbutstill/.m2/repository/org/jboss/logging/jboss-logging/3.4.3.Final/jboss-logging-3.4.3.Final.jar:/home/yeahbutstill/.m2/repository/antlr/antlr/2.7.7/antlr-2.7.7.jar:/home/yeahbutstill/.m2/repository/org/jboss/jandex/2.4.2.Final/jandex-2.4.2.Final.jar:/home/yeahbutstill/.m2/repository/com/fasterxml/classmate/1.5.1/classmate-1.5.1.jar:/home/yeahbutstill/.m2/repository/org/hibernate/common/hibernate-commons-annotations/5.1.2.Final/hibernate-commons-annotations-5.1.2.Final.jar:/home/yeahbutstill/.m2/repository/org/glassfish/jaxb/jaxb-runtime/2.3.5/jaxb-runtime-2.3.5.jar:/home/yeahbutstill/.m2/repository/org/glassfish/jaxb/txw2/2.3.5/txw2-2.3.5.jar:/home/yeahbutstill/.m2/repository/com/sun/istack/istack-commons-runtime/3.0.12/istack-commons-runtime-3.0.12.jar:/home/yeahbutstill/.m2/repository/com/sun/activation/jakarta.activation/1.2.2/jakarta.activation-1.2.2.jar:/home/yeahbutstill/.m2/repository/org/springframework/data/spring-data-jpa/2.6.1/spring-data-jpa-2.6.1.jar:/home/yeahbutstill/.m2/repository/org/springframework/data/spring-data-commons/2.6.1/spring-data-commons-2.6.1.jar:/home/yeahbutstill/.m2/repository/org/springframework/spring-orm/5.3.15/spring-orm-5.3.15.jar:/home/yeahbutstill/.m2/repository/org/springframework/spring-tx/5.3.15/spring-tx-5.3.15.jar:/home/yeahbutstill/.m2/repository/org/slf4j/slf4j-api/1.7.33/slf4j-api-1.7.33.jar:/home/yeahbutstill/.m2/repository/org/springframework/spring-aspects/5.3.15/spring-aspects-5.3.15.jar:/home/yeahbutstill/.m2/repository/org/springframework/boot/spring-boot-starter-validation/2.6.3/spring-boot-starter-validation-2.6.3.jar:/home/yeahbutstill/.m2/repository/org/apache/tomcat/embed/tomcat-embed-el/9.0.56/tomcat-embed-el-9.0.56.jar:/home/yeahbutstill/.m2/repository/org/hibernate/validator/hibernate-validator/6.2.0.Final/hibernate-validator-6.2.0.Final.jar:/home/yeahbutstill/.m2/repository/jakarta/validation/jakarta.validation-api/2.0.2/jakarta.validation-api-2.0.2.jar:/home/yeahbutstill/.m2/repository/org/springframework/boot/spring-boot-devtools/2.6.3/spring-boot-devtools-2.6.3.jar:/home/yeahbutstill/.m2/repository/org/springframework/boot/spring-boot/2.6.3/spring-boot-2.6.3.jar:/home/yeahbutstill/.m2/repository/org/springframework/boot/spring-boot-autoconfigure/2.6.3/spring-boot-autoconfigure-2.6.3.jar:/home/yeahbutstill/.m2/repository/org/springframework/boot/spring-boot-configuration-processor/2.6.3/spring-boot-configuration-processor-2.6.3.jar:/home/yeahbutstill/.m2/repository/org/postgresql/postgresql/42.3.1/postgresql-42.3.1.jar:/home/yeahbutstill/.m2/repository/org/checkerframework/checker-qual/3.5.0/checker-qual-3.5.0.jar:/home/yeahbutstill/.m2/repository/org/projectlombok/lombok/1.18.22/lombok-1.18.22.jar:/home/yeahbutstill/.m2/repository/org/mockito/mockito-core/4.3.1/mockito-core-4.3.1.jar:/home/yeahbutstill/.m2/repository/net/bytebuddy/byte-buddy/1.11.22/byte-buddy-1.11.22.jar:/home/yeahbutstill/.m2/repository/net/bytebuddy/byte-buddy-agent/1.11.22/byte-buddy-agent-1.11.22.jar:/home/yeahbutstill/.m2/repository/org/objenesis/objenesis/3.2/objenesis-3.2.jar:/home/yeahbutstill/.m2/repository/org/springframework/boot/spring-boot-starter-test/2.6.3/spring-boot-starter-test-2.6.3.jar:/home/yeahbutstill/.m2/repository/org/springframework/boot/spring-boot-test/2.6.3/spring-boot-test-2.6.3.jar:/home/yeahbutstill/.m2/repository/org/springframework/boot/spring-boot-test-autoconfigure/2.6.3/spring-boot-test-autoconfigure-2.6.3.jar:/home/yeahbutstill/.m2/repository/com/jayway/jsonpath/json-path/2.6.0/json-path-2.6.0.jar:/home/yeahbutstill/.m2/repository/net/minidev/json-smart/2.4.7/json-smart-2.4.7.jar:/home/yeahbutstill/.m2/repository/net/minidev/accessors-smart/2.4.7/accessors-smart-2.4.7.jar:/home/yeahbutstill/.m2/repository/jakarta/xml/bind/jakarta.xml.bind-api/2.3.3/jakarta.xml.bind-api-2.3.3.jar:/home/yeahbutstill/.m2/repository/jakarta/activation/jakarta.activation-api/1.2.2/jakarta.activation-api-1.2.2.jar:/home/yeahbutstill/.m2/repository/org/assertj/assertj-core/3.21.0/assertj-core-3.21.0.jar:/home/yeahbutstill/.m2/repository/org/hamcrest/hamcrest/2.2/hamcrest-2.2.jar:/home/yeahbutstill/.m2/repository/org/junit/jupiter/junit-jupiter/5.8.2/junit-jupiter-5.8.2.jar:/home/yeahbutstill/.m2/repository/org/junit/jupiter/junit-jupiter-params/5.8.2/junit-jupiter-params-5.8.2.jar:/home/yeahbutstill/.m2/repository/org/mockito/mockito-junit-jupiter/4.0.0/mockito-junit-jupiter-4.0.0.jar:/home/yeahbutstill/.m2/repository/org/skyscreamer/jsonassert/1.5.0/jsonassert-1.5.0.jar:/home/yeahbutstill/.m2/repository/com/vaadin/external/google/android-json/0.0.20131108.vaadin1/android-json-0.0.20131108.vaadin1.jar:/home/yeahbutstill/.m2/repository/org/springframework/spring-core/5.3.15/spring-core-5.3.15.jar:/home/yeahbutstill/.m2/repository/org/springframework/spring-jcl/5.3.15/spring-jcl-5.3.15.jar:/home/yeahbutstill/.m2/repository/org/springframework/spring-test/5.3.15/spring-test-5.3.15.jar:/home/yeahbutstill/.m2/repository/org/xmlunit/xmlunit-core/2.8.4/xmlunit-core-2.8.4.jar:/home/yeahbutstill/.m2/repository/org/junit/jupiter/junit-jupiter-engine/5.8.2/junit-jupiter-engine-5.8.2.jar:/home/yeahbutstill/.m2/repository/org/junit/platform/junit-platform-engine/1.8.2/junit-platform-engine-1.8.2.jar:/home/yeahbutstill/.m2/repository/org/opentest4j/opentest4j/1.2.0/opentest4j-1.2.0.jar:/home/yeahbutstill/.m2/repository/org/junit/platform/junit-platform-commons/1.8.2/junit-platform-commons-1.8.2.jar:/home/yeahbutstill/.m2/repository/org/junit/jupiter/junit-jupiter-api/5.8.2/junit-jupiter-api-5.8.2.jar:/home/yeahbutstill/.m2/repository/org/apiguardian/apiguardian-api/1.1.2/apiguardian-api-1.1.2.jar:/home/yeahbutstill/.m2/repository/org/junit/vintage/junit-vintage-engine/5.8.2/junit-vintage-engine-5.8.2.jar:/home/yeahbutstill/.m2/repository/junit/junit/4.13.2/junit-4.13.2.jar:/home/yeahbutstill/.m2/repository/org/hamcrest/hamcrest-core/2.2/hamcrest-core-2.2.jar:/home/yeahbutstill/.m2/repository/org/junit/platform/junit-platform-launcher/1.8.2/junit-platform-launcher-1.8.2.jar:/home/yeahbutstill/.m2/repository/org/apache/maven/plugins/maven-surefire-plugin/3.0.0-M5/maven-surefire-plugin-3.0.0-M5.jar:/home/yeahbutstill/.m2/repository/org/apache/maven/surefire/maven-surefire-common/3.0.0-M5/maven-surefire-common-3.0.0-M5.jar:/home/yeahbutstill/.m2/repository/org/apache/maven/surefire/surefire-api/3.0.0-M5/surefire-api-3.0.0-M5.jar:/home/yeahbutstill/.m2/repository/org/apache/maven/surefire/surefire-logger-api/3.0.0-M5/surefire-logger-api-3.0.0-M5.jar:/home/yeahbutstill/.m2/repository/org/apache/maven/surefire/surefire-extensions-api/3.0.0-M5/surefire-extensions-api-3.0.0-M5.jar:/home/yeahbutstill/.m2/repository/org/apache/maven/surefire/surefire-booter/3.0.0-M5/surefire-booter-3.0.0-M5.jar:/home/yeahbutstill/.m2/repository/org/apache/maven/surefire/surefire-extensions-spi/3.0.0-M5/surefire-extensions-spi-3.0.0-M5.jar:/home/yeahbutstill/.m2/repository/org/apache/maven/maven-toolchain/3.0-alpha-2/maven-toolchain-3.0-alpha-2.jar:/home/yeahbutstill/.m2/repository/org/apache/maven/shared/maven-artifact-transfer/0.11.0/maven-artifact-transfer-0.11.0.jar:/home/yeahbutstill/.m2/repository/org/apache/maven/shared/maven-common-artifact-filters/3.0.1/maven-common-artifact-filters-3.0.1.jar:/home/yeahbutstill/.m2/repository/org/apache/maven/maven-model/3.0/maven-model-3.0.jar:/home/yeahbutstill/.m2/repository/org/apache/maven/maven-plugin-api/3.0/maven-plugin-api-3.0.jar:/home/yeahbutstill/.m2/repository/org/sonatype/sisu/sisu-inject-plexus/1.4.2/sisu-inject-plexus-1.4.2.jar:/home/yeahbutstill/.m2/repository/org/codehaus/plexus/plexus-classworlds/2.2.3/plexus-classworlds-2.2.3.jar:/home/yeahbutstill/.m2/repository/org/sonatype/sisu/sisu-inject-bean/1.4.2/sisu-inject-bean-1.4.2.jar:/home/yeahbutstill/.m2/repository/org/sonatype/sisu/sisu-guice/2.1.7/sisu-guice-2.1.7-noaop.jar:/home/yeahbutstill/.m2/repository/org/apache/maven/shared/maven-shared-utils/3.1.0/maven-shared-utils-3.1.0.jar:/home/yeahbutstill/.m2/repository/commons-io/commons-io/2.5/commons-io-2.5.jar:/home/yeahbutstill/.m2/repository/commons-codec/commons-codec/1.15/commons-codec-1.15.jar:/home/yeahbutstill/.m2/repository/org/codehaus/plexus/plexus-java/1.0.5/plexus-java-1.0.5.jar:/home/yeahbutstill/.m2/repository/org/ow2/asm/asm/7.2/asm-7.2.jar:/home/yeahbutstill/.m2/repository/com/thoughtworks/qdox/qdox/2.0-M9/qdox-2.0-M9.jar:/home/yeahbutstill/.m2/repository/org/apache/maven/surefire/surefire-shared-utils/3.0.0-M4/surefire-shared-utils-3.0.0-M4.jar:"/>
    <property name="sun.cpu.endian" value="little"/>
    <property name="user.home" value="/home/yeahbutstill"/>
    <property name="user.language" value="en"/>
    <property name="java.specification.vendor" value="Oracle Corporation"/>
    <property name="java.version.date" value="2022-01-18"/>
    <property name="java.home" value="/home/yeahbutstill/.sdkman/candidates/java/11.0.14-librca"/>
    <property name="file.separator" value="/"/>
    <property name="basedir" value="/home/yeahbutstill/IdeaProjects/spring-boot-code-analysis-with-sonarqube"/>
    <property name="java.vm.compressedOopsMode" value="32-bit"/>
    <property name="line.separator" value="&#10;"/>
    <property name="java.specification.name" value="Java Platform API Specification"/>
    <property name="java.vm.specification.vendor" value="Oracle Corporation"/>
    <property name="FILE_LOG_CHARSET" value="UTF-8"/>
    <property name="java.awt.graphicsenv" value="sun.awt.X11GraphicsEnvironment"/>
    <property name="java.awt.headless" value="true"/>
    <property name="surefire.real.class.path" value="/home/yeahbutstill/IdeaProjects/spring-boot-code-analysis-with-sonarqube/target/surefire/surefirebooter3807608507009207609.jar"/>
    <property name="sun.management.compiler" value="HotSpot 64-Bit Tiered Compilers"/>
    <property name="java.runtime.version" value="11.0.14+9-LTS"/>
    <property name="user.name" value="yeahbutstill"/>
    <property name="path.separator" value=":"/>
    <property name="os.version" value="5.13.0-28-generic"/>
    <property name="java.runtime.name" value="OpenJDK Runtime Environment"/>
    <property name="file.encoding" value="UTF-8"/>
    <property name="spring.beaninfo.ignore" value="true"/>
    <property name="java.vm.name" value="OpenJDK 64-Bit Server VM"/>
    <property name="localRepository" value="/home/yeahbutstill/.m2/repository"/>
    <property name="java.vendor.url.bug" value="https://bell-sw.com/support"/>
    <property name="java.io.tmpdir" value="/tmp"/>
    <property name="com.zaxxer.hikari.pool_number" value="2"/>
    <property name="java.version" value="11.0.14"/>
    <property name="user.dir" value="/home/yeahbutstill/IdeaProjects/spring-boot-code-analysis-with-sonarqube"/>
    <property name="os.arch" value="amd64"/>
    <property name="java.vm.specification.name" value="Java Virtual Machine Specification"/>
    <property name="PID" value="21305"/>
    <property name="java.awt.printerjob" value="sun.print.PSPrinterJob"/>
    <property name="sun.os.patch.level" value="unknown"/>
    <property name="CONSOLE_LOG_CHARSET" value="UTF-8"/>
    <property name="sonar.projectKey" value="ist-2022"/>
    <property name="java.library.path" value="/usr/java/packages/lib:/usr/lib64:/lib64:/lib:/usr/lib"/>
    <property name="java.vm.info" value="mixed mode"/>
    <property name="java.vendor" value="BellSoft"/>
    <property name="java.vm.version" value="11.0.14+9-LTS"/>
    <property name="sun.io.unicode.encoding" value="UnicodeLittle"/>
    <property name="java.class.version" value="55.0"/>
  </properties>
  <testcase name="updateProject_expectSuccess" classname="com.yeahbutstill.sonarqube.demo.service.ProjectServiceTest" time="0.062">
    <system-out><![CDATA[2022-02-04 07:26:49.868  INFO 21305 --- [           main] c.y.s.d.s.i.ProjectServiceImpl           : begin update project, with param ProjectDtoRequest(id=1, projectCode=Code01, projectDescription=Project Transaction, mandays=10, leadEmployee=null)
]]></system-out>
  </testcase>
  <testcase name="insertProject_expectError" classname="com.yeahbutstill.sonarqube.demo.service.ProjectServiceTest" time="0.001">
    <system-out><![CDATA[2022-02-04 07:26:49.877  INFO 21305 --- [           main] c.y.s.d.s.i.ProjectServiceImpl           : begin insert project, with param ProjectDtoRequest(id=1, projectCode=Code01, projectDescription=Project Transaction, mandays=10, leadEmployee=null)
]]></system-out>
  </testcase>
  <testcase name="deleteProject_expectError" classname="com.yeahbutstill.sonarqube.demo.service.ProjectServiceTest" time="0.002">
    <system-out><![CDATA[2022-02-04 07:26:49.881  INFO 21305 --- [           main] c.y.s.d.s.i.ProjectServiceImpl           : begin delete project, with param 1
]]></system-out>
  </testcase>
  <testcase name="deleteProject_expectSuccess" classname="com.yeahbutstill.sonarqube.demo.service.ProjectServiceTest" time="0.003">
    <system-out><![CDATA[2022-02-04 07:26:49.883  INFO 21305 --- [           main] c.y.s.d.s.i.ProjectServiceImpl           : begin delete project, with param 1
]]></system-out>
  </testcase>
  <testcase name="insertProject_expectSuccess" classname="com.yeahbutstill.sonarqube.demo.service.ProjectServiceTest" time="0.002">
    <system-out><![CDATA[2022-02-04 07:26:49.886  INFO 21305 --- [           main] c.y.s.d.s.i.ProjectServiceImpl           : begin insert project, with param ProjectDtoRequest(id=null, projectCode=Code01, projectDescription=Project Transaction, mandays=10, leadEmployee=null)
]]></system-out>
  </testcase>
  <testcase name="updateProject_expectError" classname="com.yeahbutstill.sonarqube.demo.service.ProjectServiceTest" time="0.001">
    <system-out><![CDATA[2022-02-04 07:26:49.888  INFO 21305 --- [           main] c.y.s.d.s.i.ProjectServiceImpl           : begin update project, with param ProjectDtoRequest(id=null, projectCode=Code01, projectDescription=Project Transaction, mandays=10, leadEmployee=null)
]]></system-out>
  </testcase>
  <testcase name="getListProject_expectSuccess" classname="com.yeahbutstill.sonarqube.demo.service.ProjectServiceTest" time="0.005">
    <system-out><![CDATA[2022-02-04 07:26:49.890  INFO 21305 --- [           main] c.y.s.d.s.i.ProjectServiceImpl           : begin findAll project
2022-02-04 07:26:49.892 ERROR 21305 --- [           main] c.y.s.d.s.i.ProjectServiceImpl           : Failed findAll project, Error : java.lang.NullPointerException
]]></system-out>
  </testcase>
  <testcase name="getListProject_expectError" classname="com.yeahbutstill.sonarqube.demo.service.ProjectServiceTest" time="0.002">
    <system-out><![CDATA[2022-02-04 07:26:49.894  INFO 21305 --- [           main] c.y.s.d.s.i.ProjectServiceImpl           : begin findAll project
]]></system-out>
  </testcase>
  <testcase name="getProject_expectError" classname="com.yeahbutstill.sonarqube.demo.service.ProjectServiceTest" time="0.003">
    <system-out><![CDATA[2022-02-04 07:26:49.897  INFO 21305 --- [           main] c.y.s.d.s.i.ProjectServiceImpl           : begin get project, with codeProject null
]]></system-out>
  </testcase>
  <testcase name="getProject_expectSuccess" classname="com.yeahbutstill.sonarqube.demo.service.ProjectServiceTest" time="0.002">
    <system-out><![CDATA[2022-02-04 07:26:49.900  INFO 21305 --- [           main] c.y.s.d.s.i.ProjectServiceImpl           : begin get project, with codeProject null
2022-02-04 07:26:49.901 ERROR 21305 --- [           main] c.y.s.d.s.i.ProjectServiceImpl           : failed get project with projectCode, Error :  java.lang.NullPointerException
]]></system-out>
  </testcase>
</testsuite>