<?xml version="1.0" encoding="UTF-8"?>
<testsuite xmlns:xsi="http://www.w3.org/2001/XMLSchema-instance" xsi:noNamespaceSchemaLocation="https://maven.apache.org/surefire/maven-surefire-plugin/xsd/surefire-test-report-3.0.xsd" version="3.0" name="com.yeahbutstill.sonarqube.demo.controller.ProjectControllerTest" time="2.006" tests="10" errors="0" skipped="0" failures="0">
  <properties>
    <property name="sun.desktop" value="gnome"/>
    <property name="awt.toolkit" value="sun.awt.X11.XToolkit"/>
    <property name="java.specification.version" value="11"/>
    <property name="sun.cpu.isalist" value=""/>
    <property name="sonar.login" value="2d7311d219cc3560461210def80745f672ce6fa9"/>
    <property name="sonar.host.url" value="http://localhost:9000"/>
    <property name="sun.jnu.encoding" value="UTF-8"/>
    <property name="java.class.path" value="/home/yeahbutstill/IdeaProjects/spring-boot-code-analysis-with-sonarqube/target/test-classes:/home/yeahbutstill/IdeaProjects/spring-boot-code-analysis-with-sonarqube/target/classes:/home/yeahbutstill/.m2/repository/org/springframework/boot/spring-boot-starter-web/2.6.3/spring-boot-starter-web-2.6.3.jar:/home/yeahbutstill/.m2/repository/org/springframework/boot/spring-boot-starter/2.6.3/spring-boot-starter-2.6.3.jar:/home/yeahbutstill/.m2/repository/org/springframework/boot/spring-boot-starter-logging/2.6.3/spring-boot-starter-logging-2.6.3.jar:/home/yeahbutstill/.m2/repository/ch/qos/logback/logback-classic/1.2.10/logback-classic-1.2.10.jar:/home/yeahbutstill/.m2/repository/ch/qos/logback/logback-core/1.2.10/logback-core-1.2.10.jar:/home/yeahbutstill/.m2/repository/org/apache/logging/log4j/log4j-to-slf4j/2.17.1/log4j-to-slf4j-2.17.1.jar:/home/yeahbutstill/.m2/repository/org/apache/logging/log4j/log4j-api/2.17.1/log4j-api-2.17.1.jar:/home/yeahbutstill/.m2/repository/org/slf4j/jul-to-slf4j/1.7.33/jul-to-slf4j-1.7.33.jar:/home/yeahbutstill/.m2/repository/jakarta/annotation/jakarta.annotation-api/1.3.5/jakarta.annotation-api-1.3.5.jar:/home/yeahbutstill/.m2/repository/org/yaml/snakeyaml/1.29/snakeyaml-1.29.jar:/home/yeahbutstill/.m2/repository/org/springframework/boot/spring-boot-starter-json/2.6.3/spring-boot-starter-json-2.6.3.jar:/home/yeahbutstill/.m2/repository/com/fasterxml/jackson/core/jackson-databind/2.13.1/jackson-databind-2.13.1.jar:/home/yeahbutstill/.m2/repository/com/fasterxml/jackson/core/jackson-annotations/2.13.1/jackson-annotations-2.13.1.jar:/home/yeahbutstill/.m2/repository/com/fasterxml/jackson/core/jackson-core/2.13.1/jackson-core-2.13.1.jar:/home/yeahbutstill/.m2/repository/com/fasterxml/jackson/datatype/jackson-datatype-jdk8/2.13.1/jackson-datatype-jdk8-2.13.1.jar:/home/yeahbutstill/.m2/repository/com/fasterxml/jackson/datatype/jackson-datatype-jsr310/2.13.1/jackson-datatype-jsr310-2.13.1.jar:/home/yeahbutstill/.m2/repository/com/fasterxml/jackson/module/jackson-module-parameter-names/2.13.1/jackson-module-parameter-names-2.13.1.jar:/home/yeahbutstill/.m2/repository/org/springframework/boot/spring-boot-starter-tomcat/2.6.3/spring-boot-starter-tomcat-2.6.3.jar:/home/yeahbutstill/.m2/repository/org/apache/tomcat/embed/tomcat-embed-core/9.0.56/tomcat-embed-core-9.0.56.jar:/home/yeahbutstill/.m2/repository/org/apache/tomcat/embed/tomcat-embed-websocket/9.0.56/tomcat-embed-websocket-9.0.56.jar:/home/yeahbutstill/.m2/repository/org/springframework/spring-web/5.3.15/spring-web-5.3.15.jar:/home/yeahbutstill/.m2/repository/org/springframework/spring-beans/5.3.15/spring-beans-5.3.15.jar:/home/yeahbutstill/.m2/repository/org/springframework/spring-webmvc/5.3.15/spring-webmvc-5.3.15.jar:/home/yeahbutstill/.m2/repository/org/springframework/spring-aop/5.3.15/spring-aop-5.3.15.jar:/home/yeahbutstill/.m2/repository/org/springframework/spring-context/5.3.15/spring-context-5.3.15.jar:/home/yeahbutstill/.m2/repository/org/springframework/spring-expression/5.3.15/spring-expression-5.3.15.jar:/home/yeahbutstill/.m2/repository/org/modelmapper/modelmapper/3.0.0/modelmapper-3.0.0.jar:/home/yeahbutstill/.m2/repository/org/springframework/boot/spring-boot-starter-actuator/2.6.3/spring-boot-starter-actuator-2.6.3.jar:/home/yeahbutstill/.m2/repository/org/springframework/boot/spring-boot-actuator-autoconfigure/2.6.3/spring-boot-actuator-autoconfigure-2.6.3.jar:/home/yeahbutstill/.m2/repository/org/springframework/boot/spring-boot-actuator/2.6.3/spring-boot-actuator-2.6.3.jar:/home/yeahbutstill/.m2/repository/io/micrometer/micrometer-core/1.8.2/micrometer-core-1.8.2.jar:/home/yeahbutstill/.m2/repository/org/hdrhistogram/HdrHistogram/2.1.12/HdrHistogram-2.1.12.jar:/home/yeahbutstill/.m2/repository/org/latencyutils/LatencyUtils/2.0.3/LatencyUtils-2.0.3.jar:/home/yeahbutstill/.m2/repository/org/springframework/boot/spring-boot-starter-data-jpa/2.6.3/spring-boot-starter-data-jpa-2.6.3.jar:/home/yeahbutstill/.m2/repository/org/springframework/boot/spring-boot-starter-aop/2.6.3/spring-boot-starter-aop-2.6.3.jar:/home/yeahbutstill/.m2/repository/org/aspectj/aspectjweaver/1.9.7/aspectjweaver-1.9.7.jar:/home/yeahbutstill/.m2/repository/org/springframework/boot/spring-boot-starter-jdbc/2.6.3/spring-boot-starter-jdbc-2.6.3.jar:/home/yeahbutstill/.m2/repository/com/zaxxer/HikariCP/4.0.3/HikariCP-4.0.3.jar:/home/yeahbutstill/.m2/repository/org/springframework/spring-jdbc/5.3.15/spring-jdbc-5.3.15.jar:/home/yeahbutstill/.m2/repository/jakarta/transaction/jakarta.transaction-api/1.3.3/jakarta.transaction-api-1.3.3.jar:/home/yeahbutstill/.m2/repository/jakarta/persistence/jakarta.persistence-api/2.2.3/jakarta.persistence-api-2.2.3.jar:/home/yeahbutstill/.m2/repository/org/hibernate/hibernate-core/5.6.4.Final/hibernate-core-5.6.4.Final.jar:/home/yeahbutstill/.m2/repository/org/jboss/logging/jboss-logging/3.4.3.Final/jboss-logging-3.4.3.Final.jar:/home/yeahbutstill/.m2/repository/antlr/antlr/2.7.7/antlr-2.7.7.jar:/home/yeahbutstill/.m2/repository/org/jboss/jandex/2.4.2.Final/jandex-2.4.2.Final.jar:/home/yeahbutstill/.m2/repository/com/fasterxml/classmate/1.5.1/classmate-1.5.1.jar:/home/yeahbutstill/.m2/repository/org/hibernate/common/hibernate-commons-annotations/5.1.2.Final/hibernate-commons-annotations-5.1.2.Final.jar:/home/yeahbutstill/.m2/repository/org/glassfish/jaxb/jaxb-runtime/2.3.5/jaxb-runtime-2.3.5.jar:/home/yeahbutstill/.m2/repository/org/glassfish/jaxb/txw2/2.3.5/txw2-2.3.5.jar:/home/yeahbutstill/.m2/repository/com/sun/istack/istack-commons-runtime/3.0.12/istack-commons-runtime-3.0.12.jar:/home/yeahbutstill/.m2/repository/com/sun/activation/jakarta.activation/1.2.2/jakarta.activation-1.2.2.jar:/home/yeahbutstill/.m2/repository/org/springframework/data/spring-data-jpa/2.6.1/spring-data-jpa-2.6.1.jar:/home/yeahbutstill/.m2/repository/org/springframework/data/spring-data-commons/2.6.1/spring-data-commons-2.6.1.jar:/home/yeahbutstill/.m2/repository/org/springframework/spring-orm/5.3.15/spring-orm-5.3.15.jar:/home/yeahbutstill/.m2/repository/org/springframework/spring-tx/5.3.15/spring-tx-5.3.15.jar:/home/yeahbutstill/.m2/repository/org/slf4j/slf4j-api/1.7.33/slf4j-api-1.7.33.jar:/home/yeahbutstill/.m2/repository/org/springframework/spring-aspects/5.3.15/spring-aspects-5.3.15.jar:/home/yeahbutstill/.m2/repository/org/springframework/boot/spring-boot-starter-validation/2.6.3/spring-boot-starter-validation-2.6.3.jar:/home/yeahbutstill/.m2/repository/org/apache/tomcat/embed/tomcat-embed-el/9.0.56/tomcat-embed-el-9.0.56.jar:/home/yeahbutstill/.m2/repository/org/hibernate/validator/hibernate-validator/6.2.0.Final/hibernate-validator-6.2.0.Final.jar:/home/yeahbutstill/.m2/repository/jakarta/validation/jakarta.validation-api/2.0.2/jakarta.validation-api-2.0.2.jar:/home/yeahbutstill/.m2/repository/org/springframework/boot/spring-boot-devtools/2.6.3/spring-boot-devtools-2.6.3.jar:/home/yeahbutstill/.m2/repository/org/springframework/boot/spring-boot/2.6.3/spring-boot-2.6.3.jar:/home/yeahbutstill/.m2/repository/org/springframework/boot/spring-boot-autoconfigure/2.6.3/spring-boot-autoconfigure-2.6.3.jar:/home/yeahbutstill/.m2/repository/org/springframework/boot/spring-boot-configuration-processor/2.6.3/spring-boot-configuration-processor-2.6.3.jar:/home/yeahbutstill/.m2/repository/org/postgresql/postgresql/42.3.1/postgresql-42.3.1.jar:/home/yeahbutstill/.m2/repository/org/checkerframework/checker-qual/3.5.0/checker-qual-3.5.0.jar:/home/yeahbutstill/.m2/repository/org/projectlombok/lombok/1.18.22/lombok-1.18.22.jar:/home/yeahbutstill/.m2/repository/org/mockito/mockito-core/4.3.1/mockito-core-4.3.1.jar:/home/yeahbutstill/.m2/repository/net/bytebuddy/byte-buddy/1.11.22/byte-buddy-1.11.22.jar:/home/yeahbutstill/.m2/repository/net/bytebuddy/byte-buddy-agent/1.11.22/byte-buddy-agent-1.11.22.jar:/home/yeahbutstill/.m2/repository/org/objenesis/objenesis/3.2/objenesis-3.2.jar:/home/yeahbutstill/.m2/repository/org/springframework/boot/spring-boot-starter-test/2.6.3/spring-boot-starter-test-2.6.3.jar:/home/yeahbutstill/.m2/repository/org/springframework/boot/spring-boot-test/2.6.3/spring-boot-test-2.6.3.jar:/home/yeahbutstill/.m2/repository/org/springframework/boot/spring-boot-test-autoconfigure/2.6.3/spring-boot-test-autoconfigure-2.6.3.jar:/home/yeahbutstill/.m2/repository/com/jayway/jsonpath/json-path/2.6.0/json-path-2.6.0.jar:/home/yeahbutstill/.m2/repository/net/minidev/json-smart/2.4.7/json-smart-2.4.7.jar:/home/yeahbutstill/.m2/repository/net/minidev/accessors-smart/2.4.7/accessors-smart-2.4.7.jar:/home/yeahbutstill/.m2/repository/jakarta/xml/bind/jakarta.xml.bind-api/2.3.3/jakarta.xml.bind-api-2.3.3.jar:/home/yeahbutstill/.m2/repository/jakarta/activation/jakarta.activation-api/1.2.2/jakarta.activation-api-1.2.2.jar:/home/yeahbutstill/.m2/repository/org/assertj/assertj-core/3.21.0/assertj-core-3.21.0.jar:/home/yeahbutstill/.m2/repository/org/hamcrest/hamcrest/2.2/hamcrest-2.2.jar:/home/yeahbutstill/.m2/repository/org/junit/jupiter/junit-jupiter/5.8.2/junit-jupiter-5.8.2.jar:/home/yeahbutstill/.m2/repository/org/junit/jupiter/junit-jupiter-params/5.8.2/junit-jupiter-params-5.8.2.jar:/home/yeahbutstill/.m2/repository/org/mockito/mockito-junit-jupiter/4.0.0/mockito-junit-jupiter-4.0.0.jar:/home/yeahbutstill/.m2/repository/org/skyscreamer/jsonassert/1.5.0/jsonassert-1.5.0.jar:/home/yeahbutstill/.m2/repository/com/vaadin/external/google/android-json/0.0.20131108.vaadin1/android-json-0.0.20131108.vaadin1.jar:/home/yeahbutstill/.m2/repository/org/springframework/spring-core/5.3.15/spring-core-5.3.15.jar:/home/yeahbutstill/.m2/repository/org/springframework/spring-jcl/5.3.15/spring-jcl-5.3.15.jar:/home/yeahbutstill/.m2/repository/org/springframework/spring-test/5.3.15/spring-test-5.3.15.jar:/home/yeahbutstill/.m2/repository/org/xmlunit/xmlunit-core/2.8.4/xmlunit-core-2.8.4.jar:/home/yeahbutstill/.m2/repository/org/junit/jupiter/junit-jupiter-engine/5.8.2/junit-jupiter-engine-5.8.2.jar:/home/yeahbutstill/.m2/repository/org/junit/platform/junit-platform-engine/1.8.2/junit-platform-engine-1.8.2.jar:/home/yeahbutstill/.m2/repository/org/opentest4j/opentest4j/1.2.0/opentest4j-1.2.0.jar:/home/yeahbutstill/.m2/repository/org/junit/platform/junit-platform-commons/1.8.2/junit-platform-commons-1.8.2.jar:/home/yeahbutstill/.m2/repository/org/junit/jupiter/junit-jupiter-api/5.8.2/junit-jupiter-api-5.8.2.jar:/home/yeahbutstill/.m2/repository/org/apiguardian/apiguardian-api/1.1.2/apiguardian-api-1.1.2.jar:/home/yeahbutstill/.m2/repository/org/junit/vintage/junit-vintage-engine/5.8.2/junit-vintage-engine-5.8.2.jar:/home/yeahbutstill/.m2/repository/junit/junit/4.13.2/junit-4.13.2.jar:/home/yeahbutstill/.m2/repository/org/hamcrest/hamcrest-core/2.2/hamcrest-core-2.2.jar:/home/yeahbutstill/.m2/repository/org/junit/platform/junit-platform-launcher/1.8.2/junit-platform-launcher-1.8.2.jar:/home/yeahbutstill/.m2/repository/org/apache/maven/plugins/maven-surefire-plugin/3.0.0-M5/maven-surefire-plugin-3.0.0-M5.jar:/home/yeahbutstill/.m2/repository/org/apache/maven/surefire/maven-surefire-common/3.0.0-M5/maven-surefire-common-3.0.0-M5.jar:/home/yeahbutstill/.m2/repository/org/apache/maven/surefire/surefire-api/3.0.0-M5/surefire-api-3.0.0-M5.jar:/home/yeahbutstill/.m2/repository/org/apache/maven/surefire/surefire-logger-api/3.0.0-M5/surefire-logger-api-3.0.0-M5.jar:/home/yeahbutstill/.m2/repository/org/apache/maven/surefire/surefire-extensions-api/3.0.0-M5/surefire-extensions-api-3.0.0-M5.jar:/home/yeahbutstill/.m2/repository/org/apache/maven/surefire/surefire-booter/3.0.0-M5/surefire-booter-3.0.0-M5.jar:/home/yeahbutstill/.m2/repository/org/apache/maven/surefire/surefire-extensions-spi/3.0.0-M5/surefire-extensions-spi-3.0.0-M5.jar:/home/yeahbutstill/.m2/repository/org/apache/maven/maven-toolchain/3.0-alpha-2/maven-toolchain-3.0-alpha-2.jar:/home/yeahbutstill/.m2/repository/org/apache/maven/shared/maven-artifact-transfer/0.11.0/maven-artifact-transfer-0.11.0.jar:/home/yeahbutstill/.m2/repository/org/apache/maven/shared/maven-common-artifact-filters/3.0.1/maven-common-artifact-filters-3.0.1.jar:/home/yeahbutstill/.m2/repository/org/apache/maven/maven-model/3.0/maven-model-3.0.jar:/home/yeahbutstill/.m2/repository/org/apache/maven/maven-plugin-api/3.0/maven-plugin-api-3.0.jar:/home/yeahbutstill/.m2/repository/org/sonatype/sisu/sisu-inject-plexus/1.4.2/sisu-inject-plexus-1.4.2.jar:/home/yeahbutstill/.m2/repository/org/codehaus/plexus/plexus-classworlds/2.2.3/plexus-classworlds-2.2.3.jar:/home/yeahbutstill/.m2/repository/org/sonatype/sisu/sisu-inject-bean/1.4.2/sisu-inject-bean-1.4.2.jar:/home/yeahbutstill/.m2/repository/org/sonatype/sisu/sisu-guice/2.1.7/sisu-guice-2.1.7-noaop.jar:/home/yeahbutstill/.m2/repository/org/apache/maven/shared/maven-shared-utils/3.1.0/maven-shared-utils-3.1.0.jar:/home/yeahbutstill/.m2/repository/commons-io/commons-io/2.5/commons-io-2.5.jar:/home/yeahbutstill/.m2/repository/commons-codec/commons-codec/1.15/commons-codec-1.15.jar:/home/yeahbutstill/.m2/repository/org/codehaus/plexus/plexus-java/1.0.5/plexus-java-1.0.5.jar:/home/yeahbutstill/.m2/repository/org/ow2/asm/asm/7.2/asm-7.2.jar:/home/yeahbutstill/.m2/repository/com/thoughtworks/qdox/qdox/2.0-M9/qdox-2.0-M9.jar:/home/yeahbutstill/.m2/repository/org/apache/maven/surefire/surefire-shared-utils/3.0.0-M4/surefire-shared-utils-3.0.0-M4.jar:"/>
    <property name="java.vm.vendor" value="BellSoft"/>
    <property name="sun.arch.data.model" value="64"/>
    <property name="java.vendor.url" value="https://bell-sw.com/"/>
    <property name="user.timezone" value="Asia/Jakarta"/>
    <property name="java.vm.specification.version" value="11"/>
    <property name="os.name" value="Linux"/>
    <property name="sun.java.launcher" value="SUN_STANDARD"/>
    <property name="user.country" value="US"/>
    <property name="sun.boot.library.path" value="/home/yeahbutstill/.sdkman/candidates/java/11.0.14-librca/lib"/>
    <property name="sun.java.command" value="/home/yeahbutstill/IdeaProjects/spring-boot-code-analysis-with-sonarqube/target/surefire/surefirebooter3807608507009207609.jar /home/yeahbutstill/IdeaProjects/spring-boot-code-analysis-with-sonarqube/target/surefire 2022-02-04T07-26-35_088-jvmRun1 surefire2596779252294172573tmp surefire_05517016665874387771tmp"/>
    <property name="jdk.debug" value="release"/>
    <property name="surefire.test.class.path" value="/home/yeahbutstill/IdeaProjects/spring-boot-code-analysis-with-sonarqube/target/test-classes:/home/yeahbutstill/IdeaProjects/spring-boot-code-analysis-with-sonarqube/target/classes:/home/yeahbutstill/.m2/repository/org/springframework/boot/spring-boot-starter-web/2.6.3/spring-boot-starter-web-2.6.3.jar:/home/yeahbutstill/.m2/repository/org/springframework/boot/spring-boot-starter/2.6.3/spring-boot-starter-2.6.3.jar:/home/yeahbutstill/.m2/repository/org/springframework/boot/spring-boot-starter-logging/2.6.3/spring-boot-starter-logging-2.6.3.jar:/home/yeahbutstill/.m2/repository/ch/qos/logback/logback-classic/1.2.10/logback-classic-1.2.10.jar:/home/yeahbutstill/.m2/repository/ch/qos/logback/logback-core/1.2.10/logback-core-1.2.10.jar:/home/yeahbutstill/.m2/repository/org/apache/logging/log4j/log4j-to-slf4j/2.17.1/log4j-to-slf4j-2.17.1.jar:/home/yeahbutstill/.m2/repository/org/apache/logging/log4j/log4j-api/2.17.1/log4j-api-2.17.1.jar:/home/yeahbutstill/.m2/repository/org/slf4j/jul-to-slf4j/1.7.33/jul-to-slf4j-1.7.33.jar:/home/yeahbutstill/.m2/repository/jakarta/annotation/jakarta.annotation-api/1.3.5/jakarta.annotation-api-1.3.5.jar:/home/yeahbutstill/.m2/repository/org/yaml/snakeyaml/1.29/snakeyaml-1.29.jar:/home/yeahbutstill/.m2/repository/org/springframework/boot/spring-boot-starter-json/2.6.3/spring-boot-starter-json-2.6.3.jar:/home/yeahbutstill/.m2/repository/com/fasterxml/jackson/core/jackson-databind/2.13.1/jackson-databind-2.13.1.jar:/home/yeahbutstill/.m2/repository/com/fasterxml/jackson/core/jackson-annotations/2.13.1/jackson-annotations-2.13.1.jar:/home/yeahbutstill/.m2/repository/com/fasterxml/jackson/core/jackson-core/2.13.1/jackson-core-2.13.1.jar:/home/yeahbutstill/.m2/repository/com/fasterxml/jackson/datatype/jackson-datatype-jdk8/2.13.1/jackson-datatype-jdk8-2.13.1.jar:/home/yeahbutstill/.m2/repository/com/fasterxml/jackson/datatype/jackson-datatype-jsr310/2.13.1/jackson-datatype-jsr310-2.13.1.jar:/home/yeahbutstill/.m2/repository/com/fasterxml/jackson/module/jackson-module-parameter-names/2.13.1/jackson-module-parameter-names-2.13.1.jar:/home/yeahbutstill/.m2/repository/org/springframework/boot/spring-boot-starter-tomcat/2.6.3/spring-boot-starter-tomcat-2.6.3.jar:/home/yeahbutstill/.m2/repository/org/apache/tomcat/embed/tomcat-embed-core/9.0.56/tomcat-embed-core-9.0.56.jar:/home/yeahbutstill/.m2/repository/org/apache/tomcat/embed/tomcat-embed-websocket/9.0.56/tomcat-embed-websocket-9.0.56.jar:/home/yeahbutstill/.m2/repository/org/springframework/spring-web/5.3.15/spring-web-5.3.15.jar:/home/yeahbutstill/.m2/repository/org/springframework/spring-beans/5.3.15/spring-beans-5.3.15.jar:/home/yeahbutstill/.m2/repository/org/springframework/spring-webmvc/5.3.15/spring-webmvc-5.3.15.jar:/home/yeahbutstill/.m2/repository/org/springframework/spring-aop/5.3.15/spring-aop-5.3.15.jar:/home/yeahbutstill/.m2/repository/org/springframework/spring-context/5.3.15/spring-context-5.3.15.jar:/home/yeahbutstill/.m2/repository/org/springframework/spring-expression/5.3.15/spring-expression-5.3.15.jar:/home/yeahbutstill/.m2/repository/org/modelmapper/modelmapper/3.0.0/modelmapper-3.0.0.jar:/home/yeahbutstill/.m2/repository/org/springframework/boot/spring-boot-starter-actuator/2.6.3/spring-boot-starter-actuator-2.6.3.jar:/home/yeahbutstill/.m2/repository/org/springframework/boot/spring-boot-actuator-autoconfigure/2.6.3/spring-boot-actuator-autoconfigure-2.6.3.jar:/home/yeahbutstill/.m2/repository/org/springframework/boot/spring-boot-actuator/2.6.3/spring-boot-actuator-2.6.3.jar:/home/yeahbutstill/.m2/repository/io/micrometer/micrometer-core/1.8.2/micrometer-core-1.8.2.jar:/home/yeahbutstill/.m2/repository/org/hdrhistogram/HdrHistogram/2.1.12/HdrHistogram-2.1.12.jar:/home/yeahbutstill/.m2/repository/org/latencyutils/LatencyUtils/2.0.3/LatencyUtils-2.0.3.jar:/home/yeahbutstill/.m2/repository/org/springframework/boot/spring-boot-starter-data-jpa/2.6.3/spring-boot-starter-data-jpa-2.6.3.jar:/home/yeahbutstill/.m2/repository/org/springframework/boot/spring-boot-starter-aop/2.6.3/spring-boot-starter-aop-2.6.3.jar:/home/yeahbutstill/.m2/repository/org/aspectj/aspectjweaver/1.9.7/aspectjweaver-1.9.7.jar:/home/yeahbutstill/.m2/repository/org/springframework/boot/spring-boot-starter-jdbc/2.6.3/spring-boot-starter-jdbc-2.6.3.jar:/home/yeahbutstill/.m2/repository/com/zaxxer/HikariCP/4.0.3/HikariCP-4.0.3.jar:/home/yeahbutstill/.m2/repository/org/springframework/spring-jdbc/5.3.15/spring-jdbc-5.3.15.jar:/home/yeahbutstill/.m2/repository/jakarta/transaction/jakarta.transaction-api/1.3.3/jakarta.transaction-api-1.3.3.jar:/home/yeahbutstill/.m2/repository/jakarta/persistence/jakarta.persistence-api/2.2.3/jakarta.persistence-api-2.2.3.jar:/home/yeahbutstill/.m2/repository/org/hibernate/hibernate-core/5.6.4.Final/hibernate-core-5.6.4.Final.jar:/home/yeahbutstill/.m2/repository/org/jboss/logging/jboss-logging/3.4.3.Final/jboss-logging-3.4.3.Final.jar:/home/yeahbutstill/.m2/repository/antlr/antlr/2.7.7/antlr-2.7.7.jar:/home/yeahbutstill/.m2/repository/org/jboss/jandex/2.4.2.Final/jandex-2.4.2.Final.jar:/home/yeahbutstill/.m2/repository/com/fasterxml/classmate/1.5.1/classmate-1.5.1.jar:/home/yeahbutstill/.m2/repository/org/hibernate/common/hibernate-commons-annotations/5.1.2.Final/hibernate-commons-annotations-5.1.2.Final.jar:/home/yeahbutstill/.m2/repository/org/glassfish/jaxb/jaxb-runtime/2.3.5/jaxb-runtime-2.3.5.jar:/home/yeahbutstill/.m2/repository/org/glassfish/jaxb/txw2/2.3.5/txw2-2.3.5.jar:/home/yeahbutstill/.m2/repository/com/sun/istack/istack-commons-runtime/3.0.12/istack-commons-runtime-3.0.12.jar:/home/yeahbutstill/.m2/repository/com/sun/activation/jakarta.activation/1.2.2/jakarta.activation-1.2.2.jar:/home/yeahbutstill/.m2/repository/org/springframework/data/spring-data-jpa/2.6.1/spring-data-jpa-2.6.1.jar:/home/yeahbutstill/.m2/repository/org/springframework/data/spring-data-commons/2.6.1/spring-data-commons-2.6.1.jar:/home/yeahbutstill/.m2/repository/org/springframework/spring-orm/5.3.15/spring-orm-5.3.15.jar:/home/yeahbutstill/.m2/repository/org/springframework/spring-tx/5.3.15/spring-tx-5.3.15.jar:/home/yeahbutstill/.m2/repository/org/slf4j/slf4j-api/1.7.33/slf4j-api-1.7.33.jar:/home/yeahbutstill/.m2/repository/org/springframework/spring-aspects/5.3.15/spring-aspects-5.3.15.jar:/home/yeahbutstill/.m2/repository/org/springframework/boot/spring-boot-starter-validation/2.6.3/spring-boot-starter-validation-2.6.3.jar:/home/yeahbutstill/.m2/repository/org/apache/tomcat/embed/tomcat-embed-el/9.0.56/tomcat-embed-el-9.0.56.jar:/home/yeahbutstill/.m2/repository/org/hibernate/validator/hibernate-validator/6.2.0.Final/hibernate-validator-6.2.0.Final.jar:/home/yeahbutstill/.m2/repository/jakarta/validation/jakarta.validation-api/2.0.2/jakarta.validation-api-2.0.2.jar:/home/yeahbutstill/.m2/repository/org/springframework/boot/spring-boot-devtools/2.6.3/spring-boot-devtools-2.6.3.jar:/home/yeahbutstill/.m2/repository/org/springframework/boot/spring-boot/2.6.3/spring-boot-2.6.3.jar:/home/yeahbutstill/.m2/repository/org/springframework/boot/spring-boot-autoconfigure/2.6.3/spring-boot-autoconfigure-2.6.3.jar:/home/yeahbutstill/.m2/repository/org/springframework/boot/spring-boot-configuration-processor/2.6.3/spring-boot-configuration-processor-2.6.3.jar:/home/yeahbutstill/.m2/repository/org/postgresql/postgresql/42.3.1/postgresql-42.3.1.jar:/home/yeahbutstill/.m2/repository/org/checkerframework/checker-qual/3.5.0/checker-qual-3.5.0.jar:/home/yeahbutstill/.m2/repository/org/projectlombok/lombok/1.18.22/lombok-1.18.22.jar:/home/yeahbutstill/.m2/repository/org/mockito/mockito-core/4.3.1/mockito-core-4.3.1.jar:/home/yeahbutstill/.m2/repository/net/bytebuddy/byte-buddy/1.11.22/byte-buddy-1.11.22.jar:/home/yeahbutstill/.m2/repository/net/bytebuddy/byte-buddy-agent/1.11.22/byte-buddy-agent-1.11.22.jar:/home/yeahbutstill/.m2/repository/org/objenesis/objenesis/3.2/objenesis-3.2.jar:/home/yeahbutstill/.m2/repository/org/springframework/boot/spring-boot-starter-test/2.6.3/spring-boot-starter-test-2.6.3.jar:/home/yeahbutstill/.m2/repository/org/springframework/boot/spring-boot-test/2.6.3/spring-boot-test-2.6.3.jar:/home/yeahbutstill/.m2/repository/org/springframework/boot/spring-boot-test-autoconfigure/2.6.3/spring-boot-test-autoconfigure-2.6.3.jar:/home/yeahbutstill/.m2/repository/com/jayway/jsonpath/json-path/2.6.0/json-path-2.6.0.jar:/home/yeahbutstill/.m2/repository/net/minidev/json-smart/2.4.7/json-smart-2.4.7.jar:/home/yeahbutstill/.m2/repository/net/minidev/accessors-smart/2.4.7/accessors-smart-2.4.7.jar:/home/yeahbutstill/.m2/repository/jakarta/xml/bind/jakarta.xml.bind-api/2.3.3/jakarta.xml.bind-api-2.3.3.jar:/home/yeahbutstill/.m2/repository/jakarta/activation/jakarta.activation-api/1.2.2/jakarta.activation-api-1.2.2.jar:/home/yeahbutstill/.m2/repository/org/assertj/assertj-core/3.21.0/assertj-core-3.21.0.jar:/home/yeahbutstill/.m2/repository/org/hamcrest/hamcrest/2.2/hamcrest-2.2.jar:/home/yeahbutstill/.m2/repository/org/junit/jupiter/junit-jupiter/5.8.2/junit-jupiter-5.8.2.jar:/home/yeahbutstill/.m2/repository/org/junit/jupiter/junit-jupiter-params/5.8.2/junit-jupiter-params-5.8.2.jar:/home/yeahbutstill/.m2/repository/org/mockito/mockito-junit-jupiter/4.0.0/mockito-junit-jupiter-4.0.0.jar:/home/yeahbutstill/.m2/repository/org/skyscreamer/jsonassert/1.5.0/jsonassert-1.5.0.jar:/home/yeahbutstill/.m2/repository/com/vaadin/external/google/android-json/0.0.20131108.vaadin1/android-json-0.0.20131108.vaadin1.jar:/home/yeahbutstill/.m2/repository/org/springframework/spring-core/5.3.15/spring-core-5.3.15.jar:/home/yeahbutstill/.m2/repository/org/springframework/spring-jcl/5.3.15/spring-jcl-5.3.15.jar:/home/yeahbutstill/.m2/repository/org/springframework/spring-test/5.3.15/spring-test-5.3.15.jar:/home/yeahbutstill/.m2/repository/org/xmlunit/xmlunit-core/2.8.4/xmlunit-core-2.8.4.jar:/home/yeahbutstill/.m2/repository/org/junit/jupiter/junit-jupiter-engine/5.8.2/junit-jupiter-engine-5.8.2.jar:/home/yeahbutstill/.m2/repository/org/junit/platform/junit-platform-engine/1.8.2/junit-platform-engine-1.8.2.jar:/home/yeahbutstill/.m2/repository/org/opentest4j/opentest4j/1.2.0/opentest4j-1.2.0.jar:/home/yeahbutstill/.m2/repository/org/junit/platform/junit-platform-commons/1.8.2/junit-platform-commons-1.8.2.jar:/home/yeahbutstill/.m2/repository/org/junit/jupiter/junit-jupiter-api/5.8.2/junit-jupiter-api-5.8.2.jar:/home/yeahbutstill/.m2/repository/org/apiguardian/apiguardian-api/1.1.2/apiguardian-api-1.1.2.jar:/home/yeahbutstill/.m2/repository/org/junit/vintage/junit-vintage-engine/5.8.2/junit-vintage-engine-5.8.2.jar:/home/yeahbutstill/.m2/repository/junit/junit/4.13.2/junit-4.13.2.jar:/home/yeahbutstill/.m2/repository/org/hamcrest/hamcrest-core/2.2/hamcrest-core-2.2.jar:/home/yeahbutstill/.m2/repository/org/junit/platform/junit-platform-launcher/1.8.2/junit-platform-launcher-1.8.2.jar:/home/yeahbutstill/.m2/repository/org/apache/maven/plugins/maven-surefire-plugin/3.0.0-M5/maven-surefire-plugin-3.0.0-M5.jar:/home/yeahbutstill/.m2/repository/org/apache/maven/surefire/maven-surefire-common/3.0.0-M5/maven-surefire-common-3.0.0-M5.jar:/home/yeahbutstill/.m2/repository/org/apache/maven/surefire/surefire-api/3.0.0-M5/surefire-api-3.0.0-M5.jar:/home/yeahbutstill/.m2/repository/org/apache/maven/surefire/surefire-logger-api/3.0.0-M5/surefire-logger-api-3.0.0-M5.jar:/home/yeahbutstill/.m2/repository/org/apache/maven/surefire/surefire-extensions-api/3.0.0-M5/surefire-extensions-api-3.0.0-M5.jar:/home/yeahbutstill/.m2/repository/org/apache/maven/surefire/surefire-booter/3.0.0-M5/surefire-booter-3.0.0-M5.jar:/home/yeahbutstill/.m2/repository/org/apache/maven/surefire/surefire-extensions-spi/3.0.0-M5/surefire-extensions-spi-3.0.0-M5.jar:/home/yeahbutstill/.m2/repository/org/apache/maven/maven-toolchain/3.0-alpha-2/maven-toolchain-3.0-alpha-2.jar:/home/yeahbutstill/.m2/repository/org/apache/maven/shared/maven-artifact-transfer/0.11.0/maven-artifact-transfer-0.11.0.jar:/home/yeahbutstill/.m2/repository/org/apache/maven/shared/maven-common-artifact-filters/3.0.1/maven-common-artifact-filters-3.0.1.jar:/home/yeahbutstill/.m2/repository/org/apache/maven/maven-model/3.0/maven-model-3.0.jar:/home/yeahbutstill/.m2/repository/org/apache/maven/maven-plugin-api/3.0/maven-plugin-api-3.0.jar:/home/yeahbutstill/.m2/repository/org/sonatype/sisu/sisu-inject-plexus/1.4.2/sisu-inject-plexus-1.4.2.jar:/home/yeahbutstill/.m2/repository/org/codehaus/plexus/plexus-classworlds/2.2.3/plexus-classworlds-2.2.3.jar:/home/yeahbutstill/.m2/repository/org/sonatype/sisu/sisu-inject-bean/1.4.2/sisu-inject-bean-1.4.2.jar:/home/yeahbutstill/.m2/repository/org/sonatype/sisu/sisu-guice/2.1.7/sisu-guice-2.1.7-noaop.jar:/home/yeahbutstill/.m2/repository/org/apache/maven/shared/maven-shared-utils/3.1.0/maven-shared-utils-3.1.0.jar:/home/yeahbutstill/.m2/repository/commons-io/commons-io/2.5/commons-io-2.5.jar:/home/yeahbutstill/.m2/repository/commons-codec/commons-codec/1.15/commons-codec-1.15.jar:/home/yeahbutstill/.m2/repository/org/codehaus/plexus/plexus-java/1.0.5/plexus-java-1.0.5.jar:/home/yeahbutstill/.m2/repository/org/ow2/asm/asm/7.2/asm-7.2.jar:/home/yeahbutstill/.m2/repository/com/thoughtworks/qdox/qdox/2.0-M9/qdox-2.0-M9.jar:/home/yeahbutstill/.m2/repository/org/apache/maven/surefire/surefire-shared-utils/3.0.0-M4/surefire-shared-utils-3.0.0-M4.jar:"/>
    <property name="sun.cpu.endian" value="little"/>
    <property name="user.home" value="/home/yeahbutstill"/>
    <property name="user.language" value="en"/>
    <property name="java.specification.vendor" value="Oracle Corporation"/>
    <property name="java.version.date" value="2022-01-18"/>
    <property name="java.home" value="/home/yeahbutstill/.sdkman/candidates/java/11.0.14-librca"/>
    <property name="file.separator" value="/"/>
    <property name="basedir" value="/home/yeahbutstill/IdeaProjects/spring-boot-code-analysis-with-sonarqube"/>
    <property name="java.vm.compressedOopsMode" value="32-bit"/>
    <property name="line.separator" value="&#10;"/>
    <property name="java.specification.name" value="Java Platform API Specification"/>
    <property name="java.vm.specification.vendor" value="Oracle Corporation"/>
    <property name="FILE_LOG_CHARSET" value="UTF-8"/>
    <property name="java.awt.graphicsenv" value="sun.awt.X11GraphicsEnvironment"/>
    <property name="java.awt.headless" value="true"/>
    <property name="surefire.real.class.path" value="/home/yeahbutstill/IdeaProjects/spring-boot-code-analysis-with-sonarqube/target/surefire/surefirebooter3807608507009207609.jar"/>
    <property name="sun.management.compiler" value="HotSpot 64-Bit Tiered Compilers"/>
    <property name="java.runtime.version" value="11.0.14+9-LTS"/>
    <property name="user.name" value="yeahbutstill"/>
    <property name="path.separator" value=":"/>
    <property name="os.version" value="5.13.0-28-generic"/>
    <property name="java.runtime.name" value="OpenJDK Runtime Environment"/>
    <property name="file.encoding" value="UTF-8"/>
    <property name="spring.beaninfo.ignore" value="true"/>
    <property name="java.vm.name" value="OpenJDK 64-Bit Server VM"/>
    <property name="localRepository" value="/home/yeahbutstill/.m2/repository"/>
    <property name="java.vendor.url.bug" value="https://bell-sw.com/support"/>
    <property name="java.io.tmpdir" value="/tmp"/>
    <property name="com.zaxxer.hikari.pool_number" value="2"/>
    <property name="java.version" value="11.0.14"/>
    <property name="user.dir" value="/home/yeahbutstill/IdeaProjects/spring-boot-code-analysis-with-sonarqube"/>
    <property name="os.arch" value="amd64"/>
    <property name="java.vm.specification.name" value="Java Virtual Machine Specification"/>
    <property name="PID" value="21305"/>
    <property name="java.awt.printerjob" value="sun.print.PSPrinterJob"/>
    <property name="sun.os.patch.level" value="unknown"/>
    <property name="CONSOLE_LOG_CHARSET" value="UTF-8"/>
    <property name="sonar.projectKey" value="ist-2022"/>
    <property name="java.library.path" value="/usr/java/packages/lib:/usr/lib64:/lib64:/lib:/usr/lib"/>
    <property name="java.vm.info" value="mixed mode"/>
    <property name="java.vendor" value="BellSoft"/>
    <property name="java.vm.version" value="11.0.14+9-LTS"/>
    <property name="sun.io.unicode.encoding" value="UnicodeLittle"/>
    <property name="java.class.version" value="55.0"/>
  </properties>
  <testcase name="detailProject_expectSuccess" classname="com.yeahbutstill.sonarqube.demo.controller.ProjectControllerTest" time="0.029">
    <system-out><![CDATA[
  .   ____          _            __ _ _
 /\\ / ___'_ __ _ _(_)_ __  __ _ \ \ \ \
( ( )\___ | '_ | '_| | '_ \/ _` | \ \ \ \
 \\/  ___)| |_)| | | | | || (_| |  ) ) ) )
  '  |____| .__|_| |_|_| |_\__, | / / / /
 =========|_|==============|___/=/_/_/_/
 :: Spring Boot ::                (v2.6.3)

2022-02-04 07:26:47.697  INFO 21305 --- [           main] c.y.s.d.c.ProjectControllerTest          : Starting ProjectControllerTest using Java 11.0.14 on yeahbutstill with PID 21305 (started by yeahbutstill in /home/yeahbutstill/IdeaProjects/spring-boot-code-analysis-with-sonarqube)
2022-02-04 07:26:47.698  INFO 21305 --- [           main] c.y.s.d.c.ProjectControllerTest          : No active profile set, falling back to default profiles: default
2022-02-04 07:26:47.961  INFO 21305 --- [           main] .s.d.r.c.RepositoryConfigurationDelegate : Bootstrapping Spring Data JPA repositories in DEFAULT mode.
2022-02-04 07:26:47.974  INFO 21305 --- [           main] .s.d.r.c.RepositoryConfigurationDelegate : Finished Spring Data repository scanning in 12 ms. Found 2 JPA repository interfaces.
2022-02-04 07:26:48.162  INFO 21305 --- [           main] o.hibernate.jpa.internal.util.LogHelper  : HHH000204: Processing PersistenceUnitInfo [name: default]
2022-02-04 07:26:48.167  INFO 21305 --- [           main] org.hibernate.dialect.Dialect            : HHH000400: Using dialect: org.hibernate.dialect.PostgreSQLDialect
Hibernate: 
    
    alter table lead_project 
       drop constraint FK5fbf6qqsii6rfs3e6sodnc8em
2022-02-04 07:26:48.238  INFO 21305 --- [           main] com.zaxxer.hikari.HikariDataSource       : HikariPool-2 - Starting...
2022-02-04 07:26:48.246  INFO 21305 --- [           main] com.zaxxer.hikari.HikariDataSource       : HikariPool-2 - Start completed.
Hibernate: 
    
    alter table lead_project 
       drop constraint FKao3oad94fjhubly16prwkd5ln
Hibernate: 
    
    alter table member_project 
       drop constraint FKl2brpp0how3olc7qjtqyrb207
Hibernate: 
    
    alter table member_project 
       drop constraint FKp692rirhb2yjult5dsixkya5h
Hibernate: 
    
    drop table if exists employee cascade
Hibernate: 
    
    drop table if exists lead_project cascade
Hibernate: 
    
    drop table if exists member_project cascade
Hibernate: 
    
    drop table if exists project cascade
Hibernate: 
    
    create table employee (
       id  bigserial not null,
        first_name varchar(255),
        gender varchar(15),
        last_name varchar(255),
        nik varchar(20),
        salary int8,
        title varchar(30),
        primary key (id)
    )
Hibernate: 
    
    create table lead_project (
       employee_id int8,
        project_id int8 not null,
        primary key (project_id)
    )
Hibernate: 
    
    create table member_project (
       employee_id int8 not null,
        project_id int8 not null
    )
Hibernate: 
    
    create table project (
       id  bigserial not null,
        mandays int8,
        project_code varchar(20),
        project_description varchar(255),
        primary key (id)
    )
Hibernate: 
    
    alter table lead_project 
       add constraint FK5fbf6qqsii6rfs3e6sodnc8em 
       foreign key (employee_id) 
       references employee
Hibernate: 
    
    alter table lead_project 
       add constraint FKao3oad94fjhubly16prwkd5ln 
       foreign key (project_id) 
       references project
Hibernate: 
    
    alter table member_project 
       add constraint FKl2brpp0how3olc7qjtqyrb207 
       foreign key (project_id) 
       references project
Hibernate: 
    
    alter table member_project 
       add constraint FKp692rirhb2yjult5dsixkya5h 
       foreign key (employee_id) 
       references employee
2022-02-04 07:26:48.876  INFO 21305 --- [           main] o.h.e.t.j.p.i.JtaPlatformInitiator       : HHH000490: Using JtaPlatform implementation: [org.hibernate.engine.transaction.jta.platform.internal.NoJtaPlatform]
2022-02-04 07:26:48.876  INFO 21305 --- [           main] j.LocalContainerEntityManagerFactoryBean : Initialized JPA EntityManagerFactory for persistence unit 'default'
2022-02-04 07:26:48.992  WARN 21305 --- [           main] JpaBaseConfiguration$JpaWebConfiguration : spring.jpa.open-in-view is enabled by default. Therefore, database queries may be performed during view rendering. Explicitly configure spring.jpa.open-in-view to disable this warning
2022-02-04 07:26:49.481  INFO 21305 --- [           main] o.s.b.a.e.web.EndpointLinksResolver      : Exposing 1 endpoint(s) beneath base path '/actuator'
2022-02-04 07:26:49.513  INFO 21305 --- [           main] c.y.s.d.c.ProjectControllerTest          : Started ProjectControllerTest in 1.864 seconds (JVM running for 13.961)
2022-02-04 07:26:49.521  INFO 21305 --- [           main] o.s.b.t.m.w.SpringBootMockServletContext : Initializing Spring TestDispatcherServlet ''
2022-02-04 07:26:49.521  INFO 21305 --- [           main] o.s.t.web.servlet.TestDispatcherServlet  : Initializing Servlet ''
2022-02-04 07:26:49.522  INFO 21305 --- [           main] o.s.t.web.servlet.TestDispatcherServlet  : Completed initialization in 1 ms
]]></system-out>
  </testcase>
  <testcase name="updateProject_expectSuccess" classname="com.yeahbutstill.sonarqube.demo.controller.ProjectControllerTest" time="0.011">
    <system-out><![CDATA[2022-02-04 07:26:49.552  INFO 21305 --- [           main] o.s.b.t.m.w.SpringBootMockServletContext : Initializing Spring TestDispatcherServlet ''
2022-02-04 07:26:49.552  INFO 21305 --- [           main] o.s.t.web.servlet.TestDispatcherServlet  : Initializing Servlet ''
2022-02-04 07:26:49.553  INFO 21305 --- [           main] o.s.t.web.servlet.TestDispatcherServlet  : Completed initialization in 1 ms
]]></system-out>
  </testcase>
  <testcase name="findAllProject_expectError" classname="com.yeahbutstill.sonarqube.demo.controller.ProjectControllerTest" time="0.008">
    <system-out><![CDATA[2022-02-04 07:26:49.564  INFO 21305 --- [           main] o.s.b.t.m.w.SpringBootMockServletContext : Initializing Spring TestDispatcherServlet ''
2022-02-04 07:26:49.564  INFO 21305 --- [           main] o.s.t.web.servlet.TestDispatcherServlet  : Initializing Servlet ''
2022-02-04 07:26:49.565  INFO 21305 --- [           main] o.s.t.web.servlet.TestDispatcherServlet  : Completed initialization in 1 ms
]]></system-out>
  </testcase>
  <testcase name="findAllProject_expectSuccess" classname="com.yeahbutstill.sonarqube.demo.controller.ProjectControllerTest" time="0.009">
    <system-out><![CDATA[2022-02-04 07:26:49.574  INFO 21305 --- [           main] o.s.b.t.m.w.SpringBootMockServletContext : Initializing Spring TestDispatcherServlet ''
2022-02-04 07:26:49.574  INFO 21305 --- [           main] o.s.t.web.servlet.TestDispatcherServlet  : Initializing Servlet ''
2022-02-04 07:26:49.575  INFO 21305 --- [           main] o.s.t.web.servlet.TestDispatcherServlet  : Completed initialization in 1 ms
]]></system-out>
  </testcase>
  <testcase name="deleteProject_expectError" classname="com.yeahbutstill.sonarqube.demo.controller.ProjectControllerTest" time="0.01">
    <system-out><![CDATA[2022-02-04 07:26:49.586  INFO 21305 --- [           main] o.s.b.t.m.w.SpringBootMockServletContext : Initializing Spring TestDispatcherServlet ''
2022-02-04 07:26:49.586  INFO 21305 --- [           main] o.s.t.web.servlet.TestDispatcherServlet  : Initializing Servlet ''
2022-02-04 07:26:49.588  INFO 21305 --- [           main] o.s.t.web.servlet.TestDispatcherServlet  : Completed initialization in 2 ms
]]></system-out>
  </testcase>
  <testcase name="detailProject_expectError" classname="com.yeahbutstill.sonarqube.demo.controller.ProjectControllerTest" time="0.011">
    <system-out><![CDATA[2022-02-04 07:26:49.598  INFO 21305 --- [           main] o.s.b.t.m.w.SpringBootMockServletContext : Initializing Spring TestDispatcherServlet ''
2022-02-04 07:26:49.598  INFO 21305 --- [           main] o.s.t.web.servlet.TestDispatcherServlet  : Initializing Servlet ''
2022-02-04 07:26:49.599  INFO 21305 --- [           main] o.s.t.web.servlet.TestDispatcherServlet  : Completed initialization in 1 ms
]]></system-out>
  </testcase>
  <testcase name="deleteProject_expectSuccess" classname="com.yeahbutstill.sonarqube.demo.controller.ProjectControllerTest" time="0.01">
    <system-out><![CDATA[2022-02-04 07:26:49.610  INFO 21305 --- [           main] o.s.b.t.m.w.SpringBootMockServletContext : Initializing Spring TestDispatcherServlet ''
2022-02-04 07:26:49.610  INFO 21305 --- [           main] o.s.t.web.servlet.TestDispatcherServlet  : Initializing Servlet ''
2022-02-04 07:26:49.611  INFO 21305 --- [           main] o.s.t.web.servlet.TestDispatcherServlet  : Completed initialization in 1 ms
]]></system-out>
  </testcase>
  <testcase name="createProject_expectError" classname="com.yeahbutstill.sonarqube.demo.controller.ProjectControllerTest" time="0.01">
    <system-out><![CDATA[2022-02-04 07:26:49.621  INFO 21305 --- [           main] o.s.b.t.m.w.SpringBootMockServletContext : Initializing Spring TestDispatcherServlet ''
2022-02-04 07:26:49.621  INFO 21305 --- [           main] o.s.t.web.servlet.TestDispatcherServlet  : Initializing Servlet ''
2022-02-04 07:26:49.622  INFO 21305 --- [           main] o.s.t.web.servlet.TestDispatcherServlet  : Completed initialization in 1 ms
]]></system-out>
  </testcase>
  <testcase name="updateProject_expectError" classname="com.yeahbutstill.sonarqube.demo.controller.ProjectControllerTest" time="0.009">
    <system-out><![CDATA[2022-02-04 07:26:49.632  INFO 21305 --- [           main] o.s.b.t.m.w.SpringBootMockServletContext : Initializing Spring TestDispatcherServlet ''
2022-02-04 07:26:49.632  INFO 21305 --- [           main] o.s.t.web.servlet.TestDispatcherServlet  : Initializing Servlet ''
2022-02-04 07:26:49.634  INFO 21305 --- [           main] o.s.t.web.servlet.TestDispatcherServlet  : Completed initialization in 1 ms
]]></system-out>
  </testcase>
  <testcase name="createProject_expectSuccess" classname="com.yeahbutstill.sonarqube.demo.controller.ProjectControllerTest" time="0.009">
    <system-out><![CDATA[2022-02-04 07:26:49.643  INFO 21305 --- [           main] o.s.b.t.m.w.SpringBootMockServletContext : Initializing Spring TestDispatcherServlet ''
2022-02-04 07:26:49.643  INFO 21305 --- [           main] o.s.t.web.servlet.TestDispatcherServlet  : Initializing Servlet ''
2022-02-04 07:26:49.644  INFO 21305 --- [           main] o.s.t.web.servlet.TestDispatcherServlet  : Completed initialization in 1 ms
]]></system-out>
  </testcase>
</testsuite>